2021-09-19 13:57:39,174 INFO o.a.j.u.JMeterUtils: Setting Locale to es_CO
2021-09-19 13:57:39,186 INFO o.a.j.u.JMeterUtils: Could not find resources for 'es_CO', using 'es'
2021-09-19 13:57:39,187 INFO o.a.j.JMeter: Copyright (c) 1998-2020 The Apache Software Foundation
2021-09-19 13:57:39,188 INFO o.a.j.JMeter: Version 5.3
2021-09-19 13:57:39,188 INFO o.a.j.JMeter: java.version=1.8.0_172
2021-09-19 13:57:39,188 INFO o.a.j.JMeter: java.vm.name=Java HotSpot(TM) 64-Bit Server VM
2021-09-19 13:57:39,188 INFO o.a.j.JMeter: os.name=Windows 10
2021-09-19 13:57:39,188 INFO o.a.j.JMeter: os.arch=amd64
2021-09-19 13:57:39,188 INFO o.a.j.JMeter: os.version=10.0
2021-09-19 13:57:39,188 INFO o.a.j.JMeter: file.encoding=Cp1252
2021-09-19 13:57:39,188 INFO o.a.j.JMeter: java.awt.headless=true
2021-09-19 13:57:39,188 INFO o.a.j.JMeter: Max memory     =7596408832
2021-09-19 13:57:39,188 INFO o.a.j.JMeter: Available Processors =12
2021-09-19 13:57:39,193 INFO o.a.j.JMeter: Default Locale=español (Colombia)
2021-09-19 13:57:39,194 INFO o.a.j.JMeter: JMeter  Locale=español (Colombia)
2021-09-19 13:57:39,194 INFO o.a.j.JMeter: JMeterHome=C:\aplicacionesInternet\jakarta-jmeter-2.5.1\apache-jmeter-5.3
2021-09-19 13:57:39,194 INFO o.a.j.JMeter: user.dir  =C:\Users\avelosa\Downloads\otros\wom\jmeter
2021-09-19 13:57:39,194 INFO o.a.j.JMeter: PWD       =C:\Users\avelosa\Downloads\otros\wom\jmeter
2021-09-19 13:57:39,195 INFO o.a.j.JMeter: IP: 172.16.102.108 Name: 1DELP3630264414 FullName: 1DELP3630264414.avantel.local
2021-09-19 13:57:39,199 INFO o.a.j.s.FileServer: Default base='C:\Users\avelosa\Downloads\otros\wom\jmeter'
2021-09-19 13:57:39,201 INFO o.a.j.s.FileServer: Set new base='C:\Users\avelosa\Downloads\otros\wom\jmeter\.'
2021-09-19 13:57:39,294 INFO o.a.j.s.SaveService: Testplan (JMX) version: 2.2. Testlog (JTL) version: 2.2
2021-09-19 13:57:39,306 INFO o.a.j.s.SaveService: Using SaveService properties file encoding UTF-8
2021-09-19 13:57:39,310 INFO o.a.j.s.SaveService: Using SaveService properties version 5.0
2021-09-19 13:57:39,314 INFO o.a.j.s.SaveService: Loading file: .\rocio_DummyRestApi_v2.jmx
2021-09-19 13:57:39,344 INFO o.a.j.p.h.c.CookieManager: Settings: Delete null: true Check: true Allow variable: true Save: false Prefix: COOKIE_
2021-09-19 13:57:39,454 INFO o.a.j.e.StandardJMeterEngine: Running the test!
2021-09-19 13:57:39,454 INFO o.a.j.s.SampleEvent: List of sample_variables: []
2021-09-19 13:57:39,455 INFO o.a.j.s.SampleEvent: List of sample_variables: []
2021-09-19 13:57:40,108 INFO o.a.j.JMeter: Test lanzado (1632077860108)
2021-09-19 13:57:40,165 INFO o.a.j.e.StandardJMeterEngine: Starting ThreadGroup: 1 : Number of Users
2021-09-19 13:57:40,166 INFO o.a.j.e.StandardJMeterEngine: Starting 1 threads for group Number of Users.
2021-09-19 13:57:40,166 INFO o.a.j.e.StandardJMeterEngine: Thread will continue on error
2021-09-19 13:57:40,166 INFO o.a.j.t.ThreadGroup: Starting thread group... number=1 threads=1 ramp-up=1 delayedStart=false
2021-09-19 13:57:40,185 INFO o.a.j.t.ThreadGroup: Started thread group number 1
2021-09-19 13:57:40,185 INFO o.a.j.e.StandardJMeterEngine: All thread groups have been started
2021-09-19 13:57:40,200 INFO o.a.j.t.JMeterThread: Thread started: Number of Users 1-1
2021-09-19 13:57:40,201 INFO o.a.j.s.FileServer: Stored: ./rocio_DummyRestApi_empleados_actualizar.txt
2021-09-19 13:57:40,202 INFO o.a.j.s.FileServer: Stored: ./rocio_DummyRestApi_empleados_crear.txt
2021-09-19 13:57:40,202 INFO o.a.j.s.FileServer: Stored: ./rocio_DummyRestApi_empleados.txt
2021-09-19 13:57:40,202 INFO o.a.j.s.FileServer: Stored: ./rocio_DummyRestApi_IP.txt
2021-09-19 13:58:40,205 INFO o.a.j.p.h.s.HTTPJavaImpl: Maximum connection retries = 0
2021-09-19 13:58:40,206 INFO o.a.j.s.SampleResult: Note: Sample TimeStamps are END times
2021-09-19 13:58:40,206 INFO o.a.j.s.SampleResult: sampleresult.default.encoding is set to ISO-8859-1
2021-09-19 13:58:40,206 INFO o.a.j.s.SampleResult: sampleresult.useNanoTime=true
2021-09-19 13:58:40,206 INFO o.a.j.s.SampleResult: sampleresult.nanoThreadSleep=5000
2021-09-19 14:02:45,642 INFO o.a.j.t.JMeterThread: Thread is done: Number of Users 1-1
2021-09-19 14:02:45,642 INFO o.a.j.t.JMeterThread: Thread finished: Number of Users 1-1
2021-09-19 14:02:45,642 INFO o.a.j.e.StandardJMeterEngine: Notifying test listeners of end of test
2021-09-19 14:02:45,642 INFO o.a.j.s.FileServer: Close: ./rocio_DummyRestApi_empleados.txt
2021-09-19 14:02:45,642 INFO o.a.j.s.FileServer: Close: ./rocio_DummyRestApi_empleados_actualizar.txt
2021-09-19 14:02:45,643 INFO o.a.j.s.FileServer: Close: ./rocio_DummyRestApi_IP.txt
2021-09-19 14:02:45,643 INFO o.a.j.s.FileServer: Close: ./rocio_DummyRestApi_empleados_crear.txt
2021-09-19 14:02:45,643 INFO o.a.j.p.h.s.ResourcesDownloader: Creating ResourcesDownloader with keepalive_inseconds : 60
